<?xml version="1.0" encoding="UTF-8"?>
<testng-results ignored="0" total="2" passed="2" failed="0" skipped="0">
  <reporter-output>
  </reporter-output>
  <suite started-at="2026-08-03T12:49:48 IST" name="Default suite" finished-at="2026-08-03T12:49:48 IST" duration-ms="23">
    <groups>
    </groups>
    <test started-at="2026-08-03T12:49:48 IST" name="Default test" finished-at="2026-08-03T12:49:48 IST" duration-ms="23">
      <class name="TestNG.DemoTestNG">
        <test-method signature="driveCar()[pri:1, instance:TestNG.DemoTestNG@4b5a5ed1]" started-at="2026-08-03T12:49:48 IST" name="driveCar" finished-at="2026-08-03T12:49:48 IST" duration-ms="4" status="PASS">
          <reporter-output>
          </reporter-output>
        </test-method> <!-- driveCar -->
        <test-method signature="startCar()[pri:2, instance:TestNG.DemoTestNG@4b5a5ed1]" started-at="2026-08-03T12:49:48 IST" name="startCar" finished-at="2026-08-03T12:49:48 IST" duration-ms="1" status="PASS">
          <reporter-output>
          </reporter-output>
        </test-method> <!-- startCar -->
      </class> <!-- TestNG.DemoTestNG -->
    </test> <!-- Default test -->
  </suite> <!-- Default suite -->
</testng-results>
